INFO - [♥] Lovely 0.7.1
INFO - [♥] Game directory is at "/Users/ibarahime/Library/Application Support/Steam/steamapps/common/Balatro/Balatro.app/Contents/MacOS"
INFO - [♥] Writing logs to "/Users/ibarahime/Library/Application Support/Balatro/Mods/lovely/log"
INFO - [♥] Using mod directory at "/Users/ibarahime/Library/Application Support/Balatro/Mods"
INFO - [♥] Cleaning up dumps directory at "/Users/ibarahime/Library/Application Support/Balatro/Mods/lovely/dump"
INFO - [♥] Initialization complete in 16ms
INFO - [♥] Lovely 0.7.1
INFO - [♥] Game directory is at "/Users/ibarahime/Library/Application Support/Steam/steamapps/common/Balatro/Balatro.app/Contents/MacOS"
INFO - [♥] Writing logs to "/Users/ibarahime/Library/Application Support/Balatro/Mods/lovely/log"
INFO - [♥] Using mod directory at "/Users/ibarahime/Library/Application Support/Balatro/Mods"
INFO - [♥] Initialization complete in 5ms
2025-04-08 21:18:14.179 love[33153:1985326] WARNING: Secure coding is automatically enabled for restorable state! However, not on all supported macOS versions of this application. Opt-in to secure coding explicitly by implementing NSApplicationDelegate.applicationSupportsSecureRestorableState:.
INFO - [♥] Applied 16 patches to 'main.lua'
INFO - [♥] Applied 6 patches to 'engine/controller.lua'
INFO - [♥] Applied 15 patches to 'back.lua'
INFO - [♥] Applied 7 patches to 'tag.lua'
INFO - [♥] Applied 1 patch to 'engine/moveable.lua'
INFO - [♥] Applied 2 patches to 'engine/sprite.lua'
INFO - [♥] Applied 2 patches to 'engine/animatedsprite.lua'
INFO - [♥] Applied 47 patches to 'functions/misc_functions.lua'
INFO - [♥] Applied 33 patches to 'game.lua'
INFO - [♥] Applied 1 patch to 'globals.lua'
INFO - [♥] Applied 3 patches to 'engine/ui.lua'
INFO - [♥] Applied 74 patches to 'functions/UI_definitions.lua'
INFO - [♥] Applied 42 patches to 'functions/state_events.lua'
INFO - [♥] Applied 100 patches to 'functions/common_events.lua'
INFO - [♥] Applied 44 patches to 'functions/button_callbacks.lua'
WARN - [♥] Pattern 'function Card:calculate_seal(context)\n    if self.debuff then return nil end' on target 'card.lua' for pattern patch from smods/lovely/can_calculate.toml resulted in no matches
WARN - [♥] Pattern 'function Card:calculate_joker(context)\n    if self.debuff then return nil end\n    if self.ability.set == \"Planet\" and not self.debuff then' on target 'card.lua' for pattern patch from smods/lovely/can_calculate.toml resulted in no matches
INFO - [♥] Applied 141 patches to 'card.lua'
INFO - [♥] Applied 8 patches to 'cardarea.lua'
INFO - [♥] Applied 34 patches to 'blind.lua'
INFO - [♥] Applied 2 patches to 'engine/text.lua'
INFO - [G] Failed to connect to the debug server
INFO - [G] 2025-04-08 21:18:14 :: DEBUG :: DebugConsole :: Steamodded Debug Socket started !
INFO - [♥] Applied 9 patches to 'engine/sound_manager.lua'
INFO - [♥] Applied 1 patch to 'engine/save_manager.lua'
INFO - [G] 2025-04-08 21:18:16 :: ERROR :: Loader :: Found invalid metadata JSON file at Mods/Brainstorm/manifest.json, ignoring: [SMODS _ "src/loader.lua"]:226: prefix
INFO - [G] 2025-04-08 21:18:16 :: TRACE :: Loader :: Processing Mod file (Legacy header): main.lua
INFO - [G] 2025-04-08 21:18:16 :: TRACE :: Loader :: Saving Mod Info: Balatrobot-v0.3
INFO - [G] 2025-04-08 21:18:16 :: DEBUG :: DefaultLogger :: Balatrobot v0.3 loaded
INFO - [G] 2025-04-08 21:18:16 :: DEBUG :: DefaultLogger :: init api
INFO - [G] 2025-04-08 21:18:16 :: INFO  :: TIMER :: [0000] Injected Language in 0.001 ms
INFO - [G] 2025-04-08 21:18:16 :: INFO  :: TIMER :: [0000] Injected [INTERNAL] in 0.548 ms
INFO - [G] 2025-04-08 21:18:16 :: INFO  :: TIMER :: [0002] Injected Atlas in 152.122 ms
INFO - [G] 2025-04-08 21:18:16 :: INFO  :: TIMER :: [0001] Injected Sound in 0.686 ms
INFO - [G] 2025-04-08 21:18:16 :: INFO  :: TIMER :: [0008] Injected Stake in 0.156 ms
INFO - [G] 2025-04-08 21:18:16 :: INFO  :: TIMER :: [0004] Injected Rarity in 0.024 ms
INFO - [G] 2025-04-08 21:18:16 :: INFO  :: TIMER :: [0004] Injected ObjectType in 0.041 ms
INFO - [G] 2025-04-08 21:18:16 :: INFO  :: TIMER :: [0048] Injected Center in 0.187 ms
INFO - [G] 2025-04-08 21:18:16 :: INFO  :: TIMER :: [0007] Injected Undiscovered Sprite in 0.012 ms
INFO - [G] 2025-04-08 21:18:16 :: INFO  :: TIMER :: [0002] Injected Blind in 0.007 ms
INFO - [G] 2025-04-08 21:18:16 :: INFO  :: TIMER :: [0004] Injected Seal in 0.063 ms
INFO - [G] 2025-04-08 21:18:16 :: INFO  :: TIMER :: [0004] Injected Suit in 0.076 ms
INFO - [G] 2025-04-08 21:18:16 :: INFO  :: TIMER :: [0013] Injected Rank in 0.035 ms
INFO - [G] 2025-04-08 21:18:16 :: INFO  :: TIMER :: [0028] Injected DeckSkin in 0.179 ms
INFO - [G] 2025-04-08 21:18:16 :: INFO  :: TIMER :: [0012] Injected PokerHand in 0.034 ms
INFO - [G] 2025-04-08 21:18:16 :: INFO  :: TIMER :: [0020] Injected Challenge in 0.031 ms
INFO - [G] 2025-04-08 21:18:16 :: INFO  :: TIMER :: [0000] Injected Tag in 0.000 ms
INFO - [G] 2025-04-08 21:18:16 :: INFO  :: TIMER :: [0004] Injected Sticker in 0.069 ms
INFO - [G] 2025-04-08 21:18:16 :: INFO  :: TIMER :: [0000] Injected Shader in 0.001 ms
INFO - [G] 2025-04-08 21:18:16 :: INFO  :: TIMER :: [0001] Injected Keybind in 0.005 ms
INFO - [G] 2025-04-08 21:18:16 :: INFO  :: TIMER :: [0000] Injected Achievement in 0.185 ms
INFO - [G] 2025-04-08 21:18:16 :: INFO  :: TIMER :: [0002] Injected nil in 0.008 ms
INFO - [G] 2025-04-08 21:18:16 :: INFO  :: TIMER :: [0021] Injected Draw Step in 0.047 ms
INFO - [G] 2025-04-08 21:18:16 :: INFO  :: TIMER :: [0000] Injected [INTERNAL] in 0.073 ms
INFO - [G] balatro_nn inited...
[S_API FAIL] SteamAPI_Init() failed; ipcserver GetSteamPath failed.
[S_API] SteamAPI_Init(): SteamAPI_IsSteamRunning() did not locate a running instance of Steam.
[S_API] SteamAPI_Init(): Could not determine Steam client install directory.
Couldn't connect to steam...
Do you have Steam turned on?
If not running from steam, do you have a correct steam_appid.txt file?
INFO - [G] LONG DT @ 0: 0.13333333333333
INFO - [G] balatro_nn inited...
INFO - [G] 2025-04-08 21:18:16 :: DEBUG :: DefaultLogger :: new socket
INFO - [G] data meow meow
INFO - [G] 2025-04-08 21:18:19 :: DEBUG :: DefaultLogger :: WaitingFor start_run
INFO - [G] 2025-04-08 21:18:19 :: DEBUG :: DefaultLogger :: start_run
INFO - [G] LONG DT @ 12: 0.13333333333333
INFO - [G] data meow meow
INFO - [G] START_RUN|1|Blue Deck|ALEEB|None
INFO - [G] 2025-04-08 21:18:19 :: DEBUG :: DefaultLogger :: respond
INFO - [G] LONG DT @ 12: 0.13333333333333
INFO - [G] starting run!!!!! meowww
INFO - [G] data meow meow
INFO - [G] 2025-04-08 21:18:19 :: DEBUG :: DefaultLogger :: WaitingFor start_run
INFO - [G] 2025-04-08 21:18:19 :: DEBUG :: DefaultLogger :: start_run
INFO - [G] LONG DT @ 12: 0.13333333333333
INFO - [G] data meow meow
INFO - [G] 2025-04-08 21:18:19 :: DEBUG :: DefaultLogger :: WaitingFor start_run
INFO - [G] 2025-04-08 21:18:19 :: DEBUG :: DefaultLogger :: start_run
INFO - [G] LONG DT @ 12: 0.13333333333333
INFO - [G] data meow meow
INFO - [G] 2025-04-08 21:18:19 :: DEBUG :: DefaultLogger :: WaitingFor start_run
INFO - [G] 2025-04-08 21:18:19 :: DEBUG :: DefaultLogger :: start_run
INFO - [G] LONG DT @ 12: 0.13333333333333
INFO - [G] data meow meow
INFO - [G] 2025-04-08 21:18:19 :: DEBUG :: DefaultLogger :: WaitingFor start_run
INFO - [G] 2025-04-08 21:18:19 :: DEBUG :: DefaultLogger :: start_run
INFO - [G] LONG DT @ 12: 0.13333333333333
INFO - [G] data meow meow
INFO - [G] 2025-04-08 21:18:19 :: DEBUG :: DefaultLogger :: WaitingFor start_run
INFO - [G] 2025-04-08 21:18:19 :: DEBUG :: DefaultLogger :: start_run
INFO - [G] LONG DT @ 12: 0.13333333333333
INFO - [G] data meow meow
INFO - [G] 2025-04-08 21:18:19 :: DEBUG :: DefaultLogger :: WaitingFor start_run
INFO - [G] 2025-04-08 21:18:19 :: DEBUG :: DefaultLogger :: start_run
INFO - [G] LONG DT @ 13: 0.13333333333333
INFO - [G] data meow meow
INFO - [G] 2025-04-08 21:18:19 :: DEBUG :: DefaultLogger :: WaitingFor start_run
INFO - [G] 2025-04-08 21:18:19 :: DEBUG :: DefaultLogger :: start_run
INFO - [G] LONG DT @ 13: 0.13333333333333
INFO - [G] data meow meow
INFO - [G] 2025-04-08 21:18:20 :: DEBUG :: DefaultLogger :: WaitingFor start_run
INFO - [G] 2025-04-08 21:18:20 :: DEBUG :: DefaultLogger :: start_run
INFO - [G] LONG DT @ 13: 0.13333333333333
INFO - [G] data meow meow
INFO - [G] 2025-04-08 21:18:20 :: DEBUG :: DefaultLogger :: WaitingFor start_run
INFO - [G] 2025-04-08 21:18:20 :: DEBUG :: DefaultLogger :: start_run
INFO - [G] LONG DT @ 13: 0.13333333333333
INFO - [G] data meow meow
INFO - [G] 2025-04-08 21:18:20 :: DEBUG :: DefaultLogger :: WaitingFor start_run
INFO - [G] 2025-04-08 21:18:20 :: DEBUG :: DefaultLogger :: start_run
INFO - [G] LONG DT @ 13: 0.13333333333333
INFO - [G] data meow meow
INFO - [G] 2025-04-08 21:18:20 :: DEBUG :: DefaultLogger :: WaitingFor start_run
INFO - [G] 2025-04-08 21:18:20 :: DEBUG :: DefaultLogger :: start_run
INFO - [G] LONG DT @ 13: 0.13333333333333
INFO - [G] data meow meow
INFO - [G] 2025-04-08 21:18:20 :: DEBUG :: DefaultLogger :: WaitingFor start_run
INFO - [G] 2025-04-08 21:18:20 :: DEBUG :: DefaultLogger :: start_run
INFO - [G] LONG DT @ 13: 0.13333333333333
INFO - [G] data meow meow
INFO - [G] 2025-04-08 21:18:20 :: DEBUG :: DefaultLogger :: WaitingFor start_run
INFO - [G] 2025-04-08 21:18:20 :: DEBUG :: DefaultLogger :: start_run
INFO - [G] LONG DT @ 13: 0.13333333333333
INFO - [G] data meow meow
INFO - [G] 2025-04-08 21:18:20 :: DEBUG :: DefaultLogger :: WaitingFor start_run
INFO - [G] 2025-04-08 21:18:20 :: DEBUG :: DefaultLogger :: start_run
INFO - [G] LONG DT @ 14: 0.13333333333333
INFO - [G] data meow meow
INFO - [G] 2025-04-08 21:18:20 :: DEBUG :: DefaultLogger :: WaitingFor start_run
INFO - [G] 2025-04-08 21:18:20 :: DEBUG :: DefaultLogger :: start_run
INFO - [G] LONG DT @ 14: 0.13333333333333
INFO - [G] data meow meow
INFO - [G] 2025-04-08 21:18:20 :: DEBUG :: DefaultLogger :: WaitingFor start_run
INFO - [G] 2025-04-08 21:18:20 :: DEBUG :: DefaultLogger :: start_run
INFO - [G] LONG DT @ 14: 0.13333333333333
INFO - [G] data meow meow
INFO - [G] 2025-04-08 21:18:20 :: DEBUG :: DefaultLogger :: WaitingFor start_run
INFO - [G] 2025-04-08 21:18:20 :: DEBUG :: DefaultLogger :: start_run
INFO - [G] LONG DT @ 14: 0.13333333333333
INFO - [G] data meow meow
INFO - [G] 2025-04-08 21:18:20 :: DEBUG :: DefaultLogger :: WaitingFor start_run
INFO - [G] 2025-04-08 21:18:20 :: DEBUG :: DefaultLogger :: start_run
INFO - [G] LONG DT @ 14: 0.13333333333333
INFO - [G] data meow meow
INFO - [G] 2025-04-08 21:18:20 :: DEBUG :: DefaultLogger :: WaitingFor start_run
INFO - [G] 2025-04-08 21:18:20 :: DEBUG :: DefaultLogger :: start_run
INFO - [G] LONG DT @ 14: 0.13333333333333
INFO - [G] data meow meow
INFO - [G] 2025-04-08 21:18:20 :: DEBUG :: DefaultLogger :: WaitingFor start_run
INFO - [G] 2025-04-08 21:18:20 :: DEBUG :: DefaultLogger :: start_run
INFO - [G] LONG DT @ 14: 0.13333333333333
INFO - [G] data meow meow
INFO - [G] 2025-04-08 21:18:20 :: DEBUG :: DefaultLogger :: WaitingFor start_run
INFO - [G] 2025-04-08 21:18:20 :: DEBUG :: DefaultLogger :: start_run
INFO - [G] LONG DT @ 15: 0.13333333333333
INFO - [G] data meow meow
INFO - [G] 2025-04-08 21:18:20 :: DEBUG :: DefaultLogger :: WaitingFor start_run
INFO - [G] 2025-04-08 21:18:20 :: DEBUG :: DefaultLogger :: start_run
INFO - [G] LONG DT @ 15: 0.13333333333333
INFO - [G] data meow meow
INFO - [G] 2025-04-08 21:18:20 :: DEBUG :: DefaultLogger :: WaitingFor start_run
INFO - [G] 2025-04-08 21:18:20 :: DEBUG :: DefaultLogger :: start_run
INFO - [G] LONG DT @ 15: 0.13333333333333
INFO - [G] data meow meow
INFO - [G] 2025-04-08 21:18:20 :: DEBUG :: DefaultLogger :: WaitingFor start_run
INFO - [G] 2025-04-08 21:18:20 :: DEBUG :: DefaultLogger :: start_run
INFO - [G] LONG DT @ 15: 0.13333333333333
INFO - [G] data meow meow
INFO - [G] 2025-04-08 21:18:20 :: DEBUG :: DefaultLogger :: WaitingFor start_run
INFO - [G] 2025-04-08 21:18:20 :: DEBUG :: DefaultLogger :: start_run
INFO - [G] LONG DT @ 15: 0.13333333333333
INFO - [G] data meow meow
INFO - [G] 2025-04-08 21:18:20 :: DEBUG :: DefaultLogger :: WaitingFor start_run
INFO - [G] 2025-04-08 21:18:20 :: DEBUG :: DefaultLogger :: start_run
INFO - [G] LONG DT @ 15: 0.13333333333333
INFO - [G] data meow meow
INFO - [G] 2025-04-08 21:18:20 :: DEBUG :: DefaultLogger :: WaitingFor start_run
INFO - [G] 2025-04-08 21:18:20 :: DEBUG :: DefaultLogger :: start_run
INFO - [G] LONG DT @ 15: 0.13333333333333
INFO - [G] data meow meow
INFO - [G] 2025-04-08 21:18:20 :: DEBUG :: DefaultLogger :: WaitingFor start_run
INFO - [G] 2025-04-08 21:18:20 :: DEBUG :: DefaultLogger :: start_run
INFO - [G] LONG DT @ 15: 0.13333333333333
INFO - [G] data meow meow
INFO - [G] 2025-04-08 21:18:20 :: DEBUG :: DefaultLogger :: WaitingFor start_run
INFO - [G] 2025-04-08 21:18:20 :: DEBUG :: DefaultLogger :: start_run
INFO - [G] LONG DT @ 16: 0.13333333333333
INFO - [G] data meow meow
INFO - [G] 2025-04-08 21:18:20 :: DEBUG :: DefaultLogger :: WaitingFor start_run
INFO - [G] 2025-04-08 21:18:20 :: DEBUG :: DefaultLogger :: start_run
INFO - [G] LONG DT @ 16: 0.13333333333333
INFO - [G] data meow meow
INFO - [G] 2025-04-08 21:18:20 :: DEBUG :: DefaultLogger :: WaitingFor start_run
INFO - [G] 2025-04-08 21:18:20 :: DEBUG :: DefaultLogger :: start_run
INFO - [G] LONG DT @ 16: 0.13333333333333
INFO - [G] data meow meow
INFO - [G] 2025-04-08 21:18:20 :: DEBUG :: DefaultLogger :: WaitingFor start_run
INFO - [G] 2025-04-08 21:18:20 :: DEBUG :: DefaultLogger :: start_run
INFO - [G] LONG DT @ 16: 0.13333333333333
INFO - [G] data meow meow
INFO - [G] 2025-04-08 21:18:20 :: DEBUG :: DefaultLogger :: WaitingFor start_run
INFO - [G] 2025-04-08 21:18:20 :: DEBUG :: DefaultLogger :: start_run
INFO - [G] LONG DT @ 16: 0.13333333333333
INFO - [G] data meow meow
INFO - [G] 2025-04-08 21:18:20 :: DEBUG :: DefaultLogger :: WaitingFor start_run
INFO - [G] 2025-04-08 21:18:20 :: DEBUG :: DefaultLogger :: start_run
INFO - [G] LONG DT @ 16: 0.13333333333333
INFO - [G] data meow meow
INFO - [G] 2025-04-08 21:18:20 :: DEBUG :: DefaultLogger :: WaitingFor start_run
INFO - [G] 2025-04-08 21:18:20 :: DEBUG :: DefaultLogger :: start_run
INFO - [G] LONG DT @ 16: 0.13333333333333
INFO - [G] data meow meow
INFO - [G] 2025-04-08 21:18:20 :: DEBUG :: DefaultLogger :: WaitingFor start_run
INFO - [G] 2025-04-08 21:18:20 :: DEBUG :: DefaultLogger :: start_run
INFO - [G] LONG DT @ 17: 0.13333333333333
INFO - [G] data meow meow
INFO - [G] 2025-04-08 21:18:20 :: DEBUG :: DefaultLogger :: WaitingFor start_run
INFO - [G] 2025-04-08 21:18:20 :: DEBUG :: DefaultLogger :: start_run
INFO - [G] LONG DT @ 17: 0.13333333333333
INFO - [G] data meow meow
INFO - [G] 2025-04-08 21:18:20 :: DEBUG :: DefaultLogger :: WaitingFor start_run
INFO - [G] 2025-04-08 21:18:20 :: DEBUG :: DefaultLogger :: start_run
INFO - [G] LONG DT @ 17: 0.13333333333333
INFO - [G] data meow meow
INFO - [G] 2025-04-08 21:18:20 :: DEBUG :: DefaultLogger :: WaitingFor start_run
INFO - [G] 2025-04-08 21:18:20 :: DEBUG :: DefaultLogger :: start_run
INFO - [G] LONG DT @ 17: 0.13333333333333
INFO - [G] data meow meow
INFO - [G] 2025-04-08 21:18:20 :: DEBUG :: DefaultLogger :: WaitingFor start_run
INFO - [G] 2025-04-08 21:18:20 :: DEBUG :: DefaultLogger :: start_run
INFO - [G] LONG DT @ 17: 0.13333333333333
INFO - [G] data meow meow
INFO - [G] 2025-04-08 21:18:20 :: DEBUG :: DefaultLogger :: WaitingFor start_run
INFO - [G] 2025-04-08 21:18:20 :: DEBUG :: DefaultLogger :: start_run
INFO - [G] LONG DT @ 17: 0.13333333333333
INFO - [G] data meow meow
INFO - [G] 2025-04-08 21:18:20 :: DEBUG :: DefaultLogger :: WaitingFor start_run
INFO - [G] 2025-04-08 21:18:20 :: DEBUG :: DefaultLogger :: start_run
INFO - [G] LONG DT @ 17: 0.13333333333333
INFO - [G] data meow meow
INFO - [G] 2025-04-08 21:18:20 :: DEBUG :: DefaultLogger :: WaitingFor start_run
INFO - [G] 2025-04-08 21:18:20 :: DEBUG :: DefaultLogger :: start_run
INFO - [G] LONG DT @ 17: 0.13333333333333
INFO - [G] data meow meow
INFO - [G] 2025-04-08 21:18:20 :: DEBUG :: DefaultLogger :: WaitingFor start_run
INFO - [G] 2025-04-08 21:18:20 :: DEBUG :: DefaultLogger :: start_run
INFO - [G] LONG DT @ 18: 0.13333333333333
INFO - [G] data meow meow
INFO - [G] 2025-04-08 21:18:20 :: DEBUG :: DefaultLogger :: WaitingFor start_run
INFO - [G] 2025-04-08 21:18:20 :: DEBUG :: DefaultLogger :: start_run
INFO - [G] LONG DT @ 18: 0.13333333333333
INFO - [G] data meow meow
INFO - [G] 2025-04-08 21:18:20 :: DEBUG :: DefaultLogger :: WaitingFor start_run
INFO - [G] 2025-04-08 21:18:20 :: DEBUG :: DefaultLogger :: start_run
INFO - [G] LONG DT @ 18: 0.13333333333333
INFO - [G] data meow meow
INFO - [G] 2025-04-08 21:18:20 :: DEBUG :: DefaultLogger :: WaitingFor start_run
INFO - [G] 2025-04-08 21:18:20 :: DEBUG :: DefaultLogger :: start_run
INFO - [G] LONG DT @ 18: 0.13333333333333
INFO - [G] data meow meow
INFO - [G] 2025-04-08 21:18:20 :: DEBUG :: DefaultLogger :: WaitingFor start_run
INFO - [G] 2025-04-08 21:18:20 :: DEBUG :: DefaultLogger :: start_run
INFO - [G] LONG DT @ 18: 0.13333333333333
INFO - [G] data meow meow
INFO - [G] 2025-04-08 21:18:20 :: DEBUG :: DefaultLogger :: WaitingFor start_run
INFO - [G] 2025-04-08 21:18:20 :: DEBUG :: DefaultLogger :: start_run
INFO - [G] LONG DT @ 18: 0.13333333333333
INFO - [G] data meow meow
INFO - [G] 2025-04-08 21:18:20 :: DEBUG :: DefaultLogger :: WaitingFor start_run
INFO - [G] 2025-04-08 21:18:20 :: DEBUG :: DefaultLogger :: start_run
INFO - [G] LONG DT @ 18: 0.13333333333333
INFO - [G] data meow meow
INFO - [G] 2025-04-08 21:18:20 :: DEBUG :: DefaultLogger :: WaitingFor start_run
INFO - [G] 2025-04-08 21:18:20 :: DEBUG :: DefaultLogger :: start_run
INFO - [G] LONG DT @ 19: 0.13333333333333
INFO - [G] data meow meow
INFO - [G] 2025-04-08 21:18:20 :: DEBUG :: DefaultLogger :: WaitingFor start_run
INFO - [G] 2025-04-08 21:18:20 :: DEBUG :: DefaultLogger :: start_run
INFO - [G] LONG DT @ 19: 0.13333333333333
INFO - [G] data meow meow
INFO - [G] 2025-04-08 21:18:20 :: DEBUG :: DefaultLogger :: WaitingFor start_run
INFO - [G] 2025-04-08 21:18:20 :: DEBUG :: DefaultLogger :: start_run
INFO - [G] LONG DT @ 19: 0.13333333333333
INFO - [G] data meow meow
INFO - [G] 2025-04-08 21:18:20 :: DEBUG :: DefaultLogger :: WaitingFor start_run
INFO - [G] 2025-04-08 21:18:20 :: DEBUG :: DefaultLogger :: start_run
INFO - [G] LONG DT @ 19: 0.13333333333333
INFO - [G] data meow meow
INFO - [G] 2025-04-08 21:18:20 :: DEBUG :: DefaultLogger :: WaitingFor start_run
INFO - [G] 2025-04-08 21:18:20 :: DEBUG :: DefaultLogger :: start_run
INFO - [G] LONG DT @ 19: 0.13333333333333
INFO - [G] data meow meow
INFO - [G] 2025-04-08 21:18:20 :: DEBUG :: DefaultLogger :: WaitingFor start_run
INFO - [G] 2025-04-08 21:18:20 :: DEBUG :: DefaultLogger :: start_run
INFO - [G] LONG DT @ 19: 0.13333333333333
INFO - [G] filename??
INFO - [G] 2025-04-08 21:18:20 :: DEBUG :: DefaultLogger :: Mods/balatrobot/nil_nil_nil_nil_/Users/ibarahime/Library/Application Support/Steam/steamapps/common/Balatro/Balatro.app/Contents/Resources/Balatro.love.run
INFO - [G] data meow meow
INFO - [G] 2025-04-08 21:18:20 :: DEBUG :: DefaultLogger :: WaitingFor start_run
INFO - [G] 2025-04-08 21:18:20 :: DEBUG :: DefaultLogger :: start_run
INFO - [G] LONG DT @ 19: 0.13333333333333
INFO - [G] balatro_nn inited...
INFO - [G] data meow meow
INFO - [G] 2025-04-08 21:18:20 :: DEBUG :: DefaultLogger :: WaitingFor start_run
INFO - [G] 2025-04-08 21:18:20 :: DEBUG :: DefaultLogger :: start_run
INFO - [G] LONG DT @ 19: 0.13333333333333
INFO - [G] data meow meow
INFO - [G] 2025-04-08 21:18:20 :: DEBUG :: DefaultLogger :: WaitingFor start_run
INFO - [G] 2025-04-08 21:18:20 :: DEBUG :: DefaultLogger :: start_run
INFO - [G] LONG DT @ 20: 0.13333333333333
INFO - [G] data meow meow
INFO - [G] 2025-04-08 21:18:20 :: DEBUG :: DefaultLogger :: WaitingFor start_run
INFO - [G] 2025-04-08 21:18:20 :: DEBUG :: DefaultLogger :: start_run
INFO - [G] LONG DT @ 20: 0.13333333333333
INFO - [G] data meow meow
INFO - [G] 2025-04-08 21:18:20 :: DEBUG :: DefaultLogger :: WaitingFor start_run
INFO - [G] 2025-04-08 21:18:20 :: DEBUG :: DefaultLogger :: start_run
INFO - [G] LONG DT @ 20: 0.13333333333333
INFO - [G] data meow meow
INFO - [G] 2025-04-08 21:18:20 :: DEBUG :: DefaultLogger :: WaitingFor start_run
INFO - [G] 2025-04-08 21:18:20 :: DEBUG :: DefaultLogger :: start_run
INFO - [G] LONG DT @ 20: 0.13333333333333
INFO - [G] data meow meow
INFO - [G] 2025-04-08 21:18:20 :: DEBUG :: DefaultLogger :: WaitingFor start_run
INFO - [G] 2025-04-08 21:18:20 :: DEBUG :: DefaultLogger :: start_run
INFO - [G] LONG DT @ 20: 0.13333333333333
INFO - [G] data meow meow
INFO - [G] 2025-04-08 21:18:20 :: DEBUG :: DefaultLogger :: WaitingFor start_run
INFO - [G] 2025-04-08 21:18:20 :: DEBUG :: DefaultLogger :: start_run
INFO - [G] LONG DT @ 20: 0.13333333333333
INFO - [G] data meow meow
INFO - [G] 2025-04-08 21:18:20 :: DEBUG :: DefaultLogger :: WaitingFor start_run
INFO - [G] 2025-04-08 21:18:20 :: DEBUG :: DefaultLogger :: start_run
INFO - [G] LONG DT @ 20: 0.13333333333333
INFO - [G] data meow meow
INFO - [G] 2025-04-08 21:18:20 :: DEBUG :: DefaultLogger :: WaitingFor start_run
INFO - [G] 2025-04-08 21:18:20 :: DEBUG :: DefaultLogger :: start_run
INFO - [G] LONG DT @ 21: 0.13333333333333
INFO - [G] data meow meow
INFO - [G] 2025-04-08 21:18:20 :: DEBUG :: DefaultLogger :: WaitingFor start_run
INFO - [G] 2025-04-08 21:18:20 :: DEBUG :: DefaultLogger :: start_run
INFO - [G] LONG DT @ 21: 0.13333333333333
INFO - [G] data meow meow
INFO - [G] 2025-04-08 21:18:20 :: DEBUG :: DefaultLogger :: WaitingFor start_run
INFO - [G] 2025-04-08 21:18:20 :: DEBUG :: DefaultLogger :: start_run
INFO - [G] LONG DT @ 21: 0.13333333333333
INFO - [G] data meow meow
INFO - [G] 2025-04-08 21:18:20 :: DEBUG :: DefaultLogger :: WaitingFor start_run
INFO - [G] 2025-04-08 21:18:20 :: DEBUG :: DefaultLogger :: start_run
INFO - [G] LONG DT @ 21: 0.13333333333333
INFO - [G] data meow meow
INFO - [G] 2025-04-08 21:18:20 :: DEBUG :: DefaultLogger :: WaitingFor start_run
INFO - [G] 2025-04-08 21:18:20 :: DEBUG :: DefaultLogger :: start_run
INFO - [G] LONG DT @ 21: 0.13333333333333
INFO - [G] data meow meow
INFO - [G] 2025-04-08 21:18:20 :: DEBUG :: DefaultLogger :: WaitingFor start_run
INFO - [G] 2025-04-08 21:18:20 :: DEBUG :: DefaultLogger :: start_run
INFO - [G] LONG DT @ 21: 0.13333333333333
INFO - [G] data meow meow
INFO - [G] 2025-04-08 21:18:20 :: DEBUG :: DefaultLogger :: WaitingFor start_run
INFO - [G] 2025-04-08 21:18:20 :: DEBUG :: DefaultLogger :: start_run
INFO - [G] LONG DT @ 21: 0.13333333333333
INFO - [G] data meow meow
INFO - [G] 2025-04-08 21:18:20 :: DEBUG :: DefaultLogger :: WaitingFor start_run
INFO - [G] 2025-04-08 21:18:20 :: DEBUG :: DefaultLogger :: start_run
INFO - [G] LONG DT @ 21: 0.13333333333333
INFO - [G] data meow meow
INFO - [G] 2025-04-08 21:18:20 :: DEBUG :: DefaultLogger :: WaitingFor start_run
INFO - [G] 2025-04-08 21:18:20 :: DEBUG :: DefaultLogger :: start_run
INFO - [G] LONG DT @ 22: 0.13333333333333
INFO - [G] data meow meow
INFO - [G] 2025-04-08 21:18:20 :: DEBUG :: DefaultLogger :: WaitingFor start_run
INFO - [G] 2025-04-08 21:18:20 :: DEBUG :: DefaultLogger :: start_run
INFO - [G] LONG DT @ 22: 0.13333333333333
INFO - [G] data meow meow
INFO - [G] 2025-04-08 21:18:20 :: DEBUG :: DefaultLogger :: WaitingFor start_run
INFO - [G] 2025-04-08 21:18:20 :: DEBUG :: DefaultLogger :: start_run
INFO - [G] LONG DT @ 22: 0.13333333333333
INFO - [G] data meow meow
INFO - [G] 2025-04-08 21:18:20 :: DEBUG :: DefaultLogger :: WaitingFor start_run
INFO - [G] 2025-04-08 21:18:20 :: DEBUG :: DefaultLogger :: start_run
INFO - [G] LONG DT @ 22: 0.13333333333333
INFO - [G] data meow meow
INFO - [G] 2025-04-08 21:18:20 :: DEBUG :: DefaultLogger :: WaitingFor start_run
INFO - [G] 2025-04-08 21:18:20 :: DEBUG :: DefaultLogger :: start_run
INFO - [G] LONG DT @ 22: 0.13333333333333
INFO - [G] data meow meow
INFO - [G] 2025-04-08 21:18:20 :: DEBUG :: DefaultLogger :: WaitingFor start_run
INFO - [G] 2025-04-08 21:18:20 :: DEBUG :: DefaultLogger :: start_run
INFO - [G] LONG DT @ 22: 0.13333333333333
INFO - [G] data meow meow
INFO - [G] 2025-04-08 21:18:20 :: DEBUG :: DefaultLogger :: WaitingFor start_run
INFO - [G] 2025-04-08 21:18:20 :: DEBUG :: DefaultLogger :: start_run
INFO - [G] LONG DT @ 22: 0.13333333333333
INFO - [G] data meow meow
INFO - [G] 2025-04-08 21:18:20 :: DEBUG :: DefaultLogger :: WaitingFor start_run
INFO - [G] 2025-04-08 21:18:20 :: DEBUG :: DefaultLogger :: start_run
INFO - [G] LONG DT @ 23: 0.13333333333333
INFO - [G] data meow meow
INFO - [G] 2025-04-08 21:18:20 :: DEBUG :: DefaultLogger :: WaitingFor skip_or_select_blind
INFO - [G] 2025-04-08 21:18:20 :: DEBUG :: DefaultLogger :: skip_or_select_blind
INFO - [G] LONG DT @ 23: 0.13333333333333
INFO - [G] data meow meow
INFO - [G] 2025-04-08 21:18:21 :: DEBUG :: DefaultLogger :: WaitingFor skip_or_select_blind
INFO - [G] 2025-04-08 21:18:21 :: DEBUG :: DefaultLogger :: skip_or_select_blind
INFO - [G] LONG DT @ 23: 0.13333333333333
INFO - [G] data meow meow
INFO - [G] SELECT_BLIND
INFO - [G] LONG DT @ 23: 0.13333333333333
INFO - [G] data meow meow
INFO - [G] 2025-04-08 21:18:21 :: DEBUG :: DefaultLogger :: WaitingFor skip_or_select_blind
INFO - [G] 2025-04-08 21:18:21 :: DEBUG :: DefaultLogger :: skip_or_select_blind
INFO - [G] LONG DT @ 23: 0.13333333333333
INFO - [G] data meow meow
INFO - [G] SELECT_BLIND
INFO - [G] LONG DT @ 23: 0.13333333333333
INFO - [G] SELECTED BLIND!!! :3
INFO - [G] data meow meow
INFO - [G] 2025-04-08 21:18:21 :: DEBUG :: DefaultLogger :: WaitingFor skip_or_select_blind
INFO - [G] 2025-04-08 21:18:21 :: DEBUG :: DefaultLogger :: skip_or_select_blind
INFO - [G] LONG DT @ 23: 0.13333333333333
INFO - [G] data meow meow
INFO - [G] 2025-04-08 21:18:21 :: DEBUG :: DefaultLogger :: WaitingFor skip_or_select_blind
INFO - [G] 2025-04-08 21:18:21 :: DEBUG :: DefaultLogger :: skip_or_select_blind
INFO - [G] LONG DT @ 23: 0.13333333333333
INFO - [G] data meow meow
INFO - [G] 2025-04-08 21:18:21 :: DEBUG :: DefaultLogger :: WaitingFor skip_or_select_blind
INFO - [G] 2025-04-08 21:18:21 :: DEBUG :: DefaultLogger :: skip_or_select_blind
INFO - [G] LONG DT @ 24: 0.13333333333333
INFO - [G] data meow meow
INFO - [G] 2025-04-08 21:18:21 :: DEBUG :: DefaultLogger :: WaitingFor skip_or_select_blind
INFO - [G] 2025-04-08 21:18:21 :: DEBUG :: DefaultLogger :: skip_or_select_blind
INFO - [G] LONG DT @ 24: 0.13333333333333
INFO - [G] data meow meow
INFO - [G] 2025-04-08 21:18:21 :: DEBUG :: DefaultLogger :: WaitingFor skip_or_select_blind
INFO - [G] 2025-04-08 21:18:21 :: DEBUG :: DefaultLogger :: skip_or_select_blind
INFO - [G] LONG DT @ 24: 0.13333333333333
INFO - [G] data meow meow
INFO - [G] 2025-04-08 21:18:21 :: DEBUG :: DefaultLogger :: WaitingFor skip_or_select_blind
INFO - [G] 2025-04-08 21:18:21 :: DEBUG :: DefaultLogger :: skip_or_select_blind
INFO - [G] LONG DT @ 24: 0.13333333333333
INFO - [G] data meow meow
INFO - [G] 2025-04-08 21:18:21 :: DEBUG :: DefaultLogger :: WaitingFor skip_or_select_blind
INFO - [G] 2025-04-08 21:18:21 :: DEBUG :: DefaultLogger :: skip_or_select_blind
INFO - [G] LONG DT @ 24: 0.13333333333333
INFO - [G] data meow meow
INFO - [G] 2025-04-08 21:18:21 :: DEBUG :: DefaultLogger :: WaitingFor skip_or_select_blind
INFO - [G] 2025-04-08 21:18:21 :: DEBUG :: DefaultLogger :: skip_or_select_blind
INFO - [G] LONG DT @ 24: 0.13333333333333
INFO - [G] data meow meow
INFO - [G] 2025-04-08 21:18:21 :: DEBUG :: DefaultLogger :: WaitingFor skip_or_select_blind
INFO - [G] 2025-04-08 21:18:21 :: DEBUG :: DefaultLogger :: skip_or_select_blind
INFO - [G] LONG DT @ 24: 0.13333333333333
INFO - [G] data meow meow
INFO - [G] 2025-04-08 21:18:21 :: DEBUG :: DefaultLogger :: WaitingFor skip_or_select_blind
INFO - [G] 2025-04-08 21:18:21 :: DEBUG :: DefaultLogger :: skip_or_select_blind
INFO - [G] LONG DT @ 25: 0.13333333333333
INFO - [G] data meow meow
INFO - [G] 2025-04-08 21:18:21 :: DEBUG :: DefaultLogger :: WaitingFor skip_or_select_blind
INFO - [G] 2025-04-08 21:18:21 :: DEBUG :: DefaultLogger :: skip_or_select_blind
INFO - [G] LONG DT @ 25: 0.13333333333333
INFO - [G] data meow meow
INFO - [G] 2025-04-08 21:18:21 :: DEBUG :: DefaultLogger :: WaitingFor skip_or_select_blind
INFO - [G] 2025-04-08 21:18:21 :: DEBUG :: DefaultLogger :: skip_or_select_blind
INFO - [G] LONG DT @ 25: 0.13333333333333
INFO - [G] data meow meow
INFO - [G] 2025-04-08 21:18:21 :: DEBUG :: DefaultLogger :: WaitingFor skip_or_select_blind
INFO - [G] 2025-04-08 21:18:21 :: DEBUG :: DefaultLogger :: skip_or_select_blind
INFO - [G] LONG DT @ 25: 0.13333333333333
INFO - [G] data meow meow
INFO - [G] 2025-04-08 21:18:21 :: DEBUG :: DefaultLogger :: WaitingFor skip_or_select_blind
INFO - [G] 2025-04-08 21:18:21 :: DEBUG :: DefaultLogger :: skip_or_select_blind
INFO - [G] LONG DT @ 25: 0.13333333333333
INFO - [G] data meow meow
INFO - [G] 2025-04-08 21:18:21 :: DEBUG :: DefaultLogger :: WaitingFor skip_or_select_blind
INFO - [G] 2025-04-08 21:18:21 :: DEBUG :: DefaultLogger :: skip_or_select_blind
INFO - [G] LONG DT @ 25: 0.13333333333333
INFO - [G] data meow meow
INFO - [G] 2025-04-08 21:18:21 :: DEBUG :: DefaultLogger :: WaitingFor skip_or_select_blind
INFO - [G] 2025-04-08 21:18:21 :: DEBUG :: DefaultLogger :: skip_or_select_blind
INFO - [G] LONG DT @ 25: 0.13333333333333
INFO - [G] data meow meow
INFO - [G] 2025-04-08 21:18:21 :: DEBUG :: DefaultLogger :: WaitingFor skip_or_select_blind
INFO - [G] 2025-04-08 21:18:21 :: DEBUG :: DefaultLogger :: skip_or_select_blind
INFO - [G] LONG DT @ 25: 0.13333333333333
INFO - [G] data meow meow
INFO - [G] 2025-04-08 21:18:21 :: DEBUG :: DefaultLogger :: WaitingFor skip_or_select_blind
INFO - [G] 2025-04-08 21:18:21 :: DEBUG :: DefaultLogger :: skip_or_select_blind
INFO - [G] LONG DT @ 26: 0.13333333333333
INFO - [G] data meow meow
INFO - [G] 2025-04-08 21:18:21 :: DEBUG :: DefaultLogger :: WaitingFor skip_or_select_blind
INFO - [G] 2025-04-08 21:18:21 :: DEBUG :: DefaultLogger :: skip_or_select_blind
INFO - [G] LONG DT @ 26: 0.13333333333333
INFO - [G] data meow meow
INFO - [G] 2025-04-08 21:18:21 :: DEBUG :: DefaultLogger :: WaitingFor skip_or_select_blind
INFO - [G] 2025-04-08 21:18:21 :: DEBUG :: DefaultLogger :: skip_or_select_blind
INFO - [G] LONG DT @ 26: 0.13333333333333
INFO - [G] data meow meow
INFO - [G] 2025-04-08 21:18:21 :: DEBUG :: DefaultLogger :: WaitingFor skip_or_select_blind
INFO - [G] 2025-04-08 21:18:21 :: DEBUG :: DefaultLogger :: skip_or_select_blind
INFO - [G] LONG DT @ 26: 0.13333333333333
INFO - [G] data meow meow
INFO - [G] 2025-04-08 21:18:21 :: DEBUG :: DefaultLogger :: WaitingFor skip_or_select_blind
INFO - [G] 2025-04-08 21:18:21 :: DEBUG :: DefaultLogger :: skip_or_select_blind
INFO - [G] LONG DT @ 26: 0.13333333333333
INFO - [G] data meow meow
INFO - [G] 2025-04-08 21:18:21 :: DEBUG :: DefaultLogger :: WaitingFor skip_or_select_blind
INFO - [G] 2025-04-08 21:18:21 :: DEBUG :: DefaultLogger :: skip_or_select_blind
INFO - [G] LONG DT @ 26: 0.13333333333333
INFO - [G] data meow meow
INFO - [G] 2025-04-08 21:18:21 :: DEBUG :: DefaultLogger :: WaitingFor skip_or_select_blind
INFO - [G] 2025-04-08 21:18:21 :: DEBUG :: DefaultLogger :: skip_or_select_blind
INFO - [G] LONG DT @ 26: 0.13333333333333
INFO - [G] data meow meow
INFO - [G] 2025-04-08 21:18:21 :: DEBUG :: DefaultLogger :: WaitingFor skip_or_select_blind
INFO - [G] 2025-04-08 21:18:21 :: DEBUG :: DefaultLogger :: skip_or_select_blind
INFO - [G] LONG DT @ 27: 0.13333333333333
INFO - [G] data meow meow
INFO - [G] 2025-04-08 21:18:21 :: DEBUG :: DefaultLogger :: WaitingFor skip_or_select_blind
INFO - [G] 2025-04-08 21:18:21 :: DEBUG :: DefaultLogger :: skip_or_select_blind
INFO - [G] LONG DT @ 27: 0.13333333333333
INFO - [G] data meow meow
INFO - [G] 2025-04-08 21:18:21 :: DEBUG :: DefaultLogger :: WaitingFor skip_or_select_blind
INFO - [G] 2025-04-08 21:18:21 :: DEBUG :: DefaultLogger :: skip_or_select_blind
INFO - [G] LONG DT @ 27: 0.13333333333333
INFO - [G] data meow meow
INFO - [G] 2025-04-08 21:18:21 :: DEBUG :: DefaultLogger :: WaitingFor skip_or_select_blind
INFO - [G] 2025-04-08 21:18:21 :: DEBUG :: DefaultLogger :: skip_or_select_blind
INFO - [G] LONG DT @ 27: 0.13333333333333
INFO - [G] data meow meow
INFO - [G] 2025-04-08 21:18:21 :: DEBUG :: DefaultLogger :: WaitingFor skip_or_select_blind
INFO - [G] 2025-04-08 21:18:21 :: DEBUG :: DefaultLogger :: skip_or_select_blind
INFO - [G] LONG DT @ 27: 0.13333333333333
INFO - [G] data meow meow
INFO - [G] 2025-04-08 21:18:21 :: DEBUG :: DefaultLogger :: WaitingFor skip_or_select_blind
INFO - [G] 2025-04-08 21:18:21 :: DEBUG :: DefaultLogger :: skip_or_select_blind
INFO - [G] LONG DT @ 27: 0.13333333333333
INFO - [G] data meow meow
INFO - [G] 2025-04-08 21:18:21 :: DEBUG :: DefaultLogger :: WaitingFor skip_or_select_blind
INFO - [G] 2025-04-08 21:18:21 :: DEBUG :: DefaultLogger :: skip_or_select_blind
INFO - [G] LONG DT @ 27: 0.13333333333333
INFO - [G] data meow meow
INFO - [G] 2025-04-08 21:18:21 :: DEBUG :: DefaultLogger :: WaitingFor skip_or_select_blind
INFO - [G] 2025-04-08 21:18:21 :: DEBUG :: DefaultLogger :: skip_or_select_blind
INFO - [G] LONG DT @ 27: 0.13333333333333
INFO - [G] data meow meow
INFO - [G] 2025-04-08 21:18:21 :: DEBUG :: DefaultLogger :: WaitingFor skip_or_select_blind
INFO - [G] 2025-04-08 21:18:21 :: DEBUG :: DefaultLogger :: skip_or_select_blind
INFO - [G] LONG DT @ 28: 0.13333333333333
INFO - [G] data meow meow
INFO - [G] 2025-04-08 21:18:21 :: DEBUG :: DefaultLogger :: WaitingFor skip_or_select_blind
INFO - [G] 2025-04-08 21:18:21 :: DEBUG :: DefaultLogger :: skip_or_select_blind
INFO - [G] LONG DT @ 28: 0.13333333333333
INFO - [G] data meow meow
INFO - [G] 2025-04-08 21:18:21 :: DEBUG :: DefaultLogger :: WaitingFor skip_or_select_blind
INFO - [G] 2025-04-08 21:18:21 :: DEBUG :: DefaultLogger :: skip_or_select_blind
INFO - [G] LONG DT @ 28: 0.13333333333333
INFO - [G] data meow meow
INFO - [G] 2025-04-08 21:18:21 :: DEBUG :: DefaultLogger :: WaitingFor sell_jokers
INFO - [G] 2025-04-08 21:18:21 :: DEBUG :: DefaultLogger :: sell_jokers
INFO - [G] LONG DT @ 28: 0.13333333333333
INFO - [G] data meow meow
INFO - [G] 2025-04-08 21:18:21 :: DEBUG :: DefaultLogger :: WaitingFor sell_jokers
INFO - [G] 2025-04-08 21:18:21 :: DEBUG :: DefaultLogger :: sell_jokers
INFO - [G] LONG DT @ 28: 0.13333333333333
INFO - [G] data meow meow
INFO - [G] SELL_JOKER|
INFO - [G] LONG DT @ 28: 0.13333333333333
INFO - [G] data meow meow
INFO - [G] 2025-04-08 21:18:21 :: DEBUG :: DefaultLogger :: WaitingFor rearrange_jokers
INFO - [G] 2025-04-08 21:18:21 :: DEBUG :: DefaultLogger :: rearrange_jokers
INFO - [G] LONG DT @ 28: 0.13333333333333
INFO - [G] data meow meow
INFO - [G] SELL_JOKER|
INFO - [G] LONG DT @ 29: 0.13333333333333
INFO - [G] data meow meow
INFO - [G] 2025-04-08 21:18:21 :: DEBUG :: DefaultLogger :: WaitingFor rearrange_jokers
INFO - [G] 2025-04-08 21:18:21 :: DEBUG :: DefaultLogger :: rearrange_jokers
INFO - [G] LONG DT @ 29: 0.13333333333333
INFO - [G] data meow meow
INFO - [G] REARRANGE_JOKERS|
INFO - [G] LONG DT @ 29: 0.13333333333333
INFO - [G] data meow meow
INFO - [G] 2025-04-08 21:18:21 :: DEBUG :: DefaultLogger :: WaitingFor use_or_sell_consumables
INFO - [G] 2025-04-08 21:18:21 :: DEBUG :: DefaultLogger :: use_or_sell_consumables
INFO - [G] LONG DT @ 29: 0.13333333333333
INFO - [G] data meow meow
INFO - [G] 2025-04-08 21:18:21 :: DEBUG :: DefaultLogger :: WaitingFor use_or_sell_consumables
INFO - [G] 2025-04-08 21:18:21 :: DEBUG :: DefaultLogger :: use_or_sell_consumables
INFO - [G] LONG DT @ 29: 0.13333333333333
INFO - [G] data meow meow
INFO - [G] USE_CONSUMABLE|
INFO - [G] LONG DT @ 29: 0.13333333333333
INFO - [G] data meow meow
INFO - [G] 2025-04-08 21:18:21 :: DEBUG :: DefaultLogger :: WaitingFor rearrange_consumables
INFO - [G] 2025-04-08 21:18:21 :: DEBUG :: DefaultLogger :: rearrange_consumables
INFO - [G] LONG DT @ 29: 0.13333333333333
INFO - [G] data meow meow
INFO - [G] USE_CONSUMABLE|
INFO - [G] LONG DT @ 29: 0.13333333333333
INFO - [G] data meow meow
INFO - [G] 2025-04-08 21:18:21 :: DEBUG :: DefaultLogger :: WaitingFor rearrange_consumables
INFO - [G] 2025-04-08 21:18:21 :: DEBUG :: DefaultLogger :: rearrange_consumables
INFO - [G] LONG DT @ 30: 0.13333333333333
INFO - [G] data meow meow
INFO - [G] REARRANGE_CONSUMABLES|
INFO - [G] LONG DT @ 30: 0.13333333333333
INFO - [G] data meow meow
INFO - [G] 2025-04-08 21:18:21 :: DEBUG :: DefaultLogger :: WaitingFor rearrange_hand
INFO - [G] 2025-04-08 21:18:21 :: DEBUG :: DefaultLogger :: rearrange_hand
INFO - [G] LONG DT @ 30: 0.13333333333333
INFO - [G] data meow meow
INFO - [G] 2025-04-08 21:18:21 :: DEBUG :: DefaultLogger :: WaitingFor rearrange_hand
INFO - [G] 2025-04-08 21:18:21 :: DEBUG :: DefaultLogger :: rearrange_hand
INFO - [G] LONG DT @ 30: 0.13333333333333
INFO - [G] data meow meow
INFO - [G] REARRANGE_HAND|
INFO - [G] LONG DT @ 30: 0.13333333333333
INFO - [G] data meow meow
INFO - [G] 2025-04-08 21:18:21 :: DEBUG :: DefaultLogger :: WaitingFor select_cards_from_hand
INFO - [G] 2025-04-08 21:18:21 :: DEBUG :: DefaultLogger :: select_cards_from_hand
INFO - [G] LONG DT @ 30: 0.13333333333333
INFO - [G] data meow meow
INFO - [G] REARRANGE_HAND|
INFO - [G] LONG DT @ 30: 0.13333333333333
INFO - [G] data meow meow
INFO - [G] 2025-04-08 21:18:21 :: DEBUG :: DefaultLogger :: WaitingFor select_cards_from_hand
INFO - [G] 2025-04-08 21:18:21 :: DEBUG :: DefaultLogger :: select_cards_from_hand
INFO - [G] LONG DT @ 31: 0.13333333333333
INFO - [G] LONG DT @ 31: 0.13333333333333
